<?xml version="1.0" encoding="UTF-8"?>
<!-- Generated by org.testng.reporters.JUnitReportReporter -->
<testsuite hostname="Venkatesh" name="com.learnautomation.selenium.DemoforMaven" tests="1" failures="0" timestamp="1 Apr 2017 19:25:53 GMT" time="17.490" errors="0">
  <testcase name="testVerifyTitle" time="17.490" classname="com.learnautomation.selenium.DemoforMaven"/>
</testsuite> <!-- com.learnautomation.selenium.DemoforMaven -->
