<?xml version="1.0" encoding="UTF-8"?>
<!-- Generated by org.testng.reporters.JUnitReportReporter -->
<testsuite hostname="Venkatesh" name="com.learnautomation.selenium.DemoforMaven" tests="1" failures="0" timestamp="2 Apr 2017 06:36:42 GMT" time="12.940" errors="0">
  <testcase name="testVerifyTitle" time="12.940" classname="com.learnautomation.selenium.DemoforMaven"/>
</testsuite> <!-- com.learnautomation.selenium.DemoforMaven -->
